<?xml version="1.0" encoding="UTF-8"?>
<testsuite xmlns:xsi="http://www.w3.org/2001/XMLSchema-instance" xsi:noNamespaceSchemaLocation="https://maven.apache.org/surefire/maven-surefire-plugin/xsd/surefire-test-report-3.0.xsd" version="3.0" name="dk.sdu.mmmi.cbse.osgiplayer.PlayerPluginTest" time="0.7" tests="2" errors="0" skipped="0" failures="0">
  <properties>
    <property name="sun.desktop" value="windows"/>
    <property name="awt.toolkit" value="sun.awt.windows.WToolkit"/>
    <property name="file.encoding.pkg" value="sun.io"/>
    <property name="java.specification.version" value="1.8"/>
    <property name="sun.cpu.isalist" value="amd64"/>
    <property name="sun.jnu.encoding" value="Cp1252"/>
    <property name="java.class.path" value="C:\Users\nadia\Documents\GitHub\4semesterGruppe11\Zombie\OSGiPlayer\target\test-classes;C:\Users\nadia\Documents\GitHub\4semesterGruppe11\Zombie\OSGiPlayer\target\classes;C:\Users\nadia\.m2\repository\org\osgi\org.osgi.core\4.3.0\org.osgi.core-4.3.0.jar;C:\Users\nadia\Documents\GitHub\4semesterGruppe11\Zombie\OSGiCommon\target\OSGiCommon-1.0-SNAPSHOT.jar;C:\Users\nadia\Documents\GitHub\4semesterGruppe11\Zombie\OSGiCommonPlayer\target\OSGiCommonPlayer-1.0-SNAPSHOT.jar;C:\Users\nadia\Documents\GitHub\4semesterGruppe11\Zombie\OSGiCommonWeapon\target\OSGiCommonWeapon-1.0-SNAPSHOT.jar;C:\Users\nadia\.m2\repository\com\badlogicgames\gdx\gdx\1.5.0\gdx-1.5.0.jar;C:\Users\nadia\.m2\repository\org\junit\jupiter\junit-jupiter-api\5.6.0\junit-jupiter-api-5.6.0.jar;C:\Users\nadia\.m2\repository\org\apiguardian\apiguardian-api\1.1.0\apiguardian-api-1.1.0.jar;C:\Users\nadia\.m2\repository\org\opentest4j\opentest4j\1.2.0\opentest4j-1.2.0.jar;C:\Users\nadia\.m2\repository\org\junit\platform\junit-platform-commons\1.6.0\junit-platform-commons-1.6.0.jar;C:\Users\nadia\.m2\repository\org\junit\jupiter\junit-jupiter-params\5.6.0\junit-jupiter-params-5.6.0.jar;C:\Users\nadia\.m2\repository\org\junit\jupiter\junit-jupiter-engine\5.6.0\junit-jupiter-engine-5.6.0.jar;C:\Users\nadia\.m2\repository\org\junit\platform\junit-platform-engine\1.6.0\junit-platform-engine-1.6.0.jar;C:\Users\nadia\.m2\repository\org\mockito\mockito-core\3.9.0\mockito-core-3.9.0.jar;C:\Users\nadia\.m2\repository\net\bytebuddy\byte-buddy\1.10.20\byte-buddy-1.10.20.jar;C:\Users\nadia\.m2\repository\net\bytebuddy\byte-buddy-agent\1.10.20\byte-buddy-agent-1.10.20.jar;C:\Users\nadia\.m2\repository\org\objenesis\objenesis\3.2\objenesis-3.2.jar;"/>
    <property name="java.vm.vendor" value="Amazon.com Inc."/>
    <property name="sun.arch.data.model" value="64"/>
    <property name="user.variant" value=""/>
    <property name="java.vendor.url" value="https://aws.amazon.com/corretto/"/>
    <property name="user.timezone" value="Europe/Paris"/>
    <property name="java.vm.specification.version" value="1.8"/>
    <property name="os.name" value="Windows 10"/>
    <property name="user.country" value="US"/>
    <property name="sun.java.launcher" value="SUN_STANDARD"/>
    <property name="sun.boot.library.path" value="C:\Users\nadia\.jdks\corretto-1.8.0_322\jre\bin"/>
    <property name="sun.java.command" value="C:\Users\nadia\AppData\Local\Temp\surefire3498287461783440559\surefirebooter1116794722868578316.jar C:\Users\nadia\AppData\Local\Temp\surefire3498287461783440559 2022-05-02T12-37-09_253-jvmRun1 surefire8289301235517954375tmp surefire_02891351390413568124tmp"/>
    <property name="surefire.test.class.path" value="C:\Users\nadia\Documents\GitHub\4semesterGruppe11\Zombie\OSGiPlayer\target\test-classes;C:\Users\nadia\Documents\GitHub\4semesterGruppe11\Zombie\OSGiPlayer\target\classes;C:\Users\nadia\.m2\repository\org\osgi\org.osgi.core\4.3.0\org.osgi.core-4.3.0.jar;C:\Users\nadia\Documents\GitHub\4semesterGruppe11\Zombie\OSGiCommon\target\OSGiCommon-1.0-SNAPSHOT.jar;C:\Users\nadia\Documents\GitHub\4semesterGruppe11\Zombie\OSGiCommonPlayer\target\OSGiCommonPlayer-1.0-SNAPSHOT.jar;C:\Users\nadia\Documents\GitHub\4semesterGruppe11\Zombie\OSGiCommonWeapon\target\OSGiCommonWeapon-1.0-SNAPSHOT.jar;C:\Users\nadia\.m2\repository\com\badlogicgames\gdx\gdx\1.5.0\gdx-1.5.0.jar;C:\Users\nadia\.m2\repository\org\junit\jupiter\junit-jupiter-api\5.6.0\junit-jupiter-api-5.6.0.jar;C:\Users\nadia\.m2\repository\org\apiguardian\apiguardian-api\1.1.0\apiguardian-api-1.1.0.jar;C:\Users\nadia\.m2\repository\org\opentest4j\opentest4j\1.2.0\opentest4j-1.2.0.jar;C:\Users\nadia\.m2\repository\org\junit\platform\junit-platform-commons\1.6.0\junit-platform-commons-1.6.0.jar;C:\Users\nadia\.m2\repository\org\junit\jupiter\junit-jupiter-params\5.6.0\junit-jupiter-params-5.6.0.jar;C:\Users\nadia\.m2\repository\org\junit\jupiter\junit-jupiter-engine\5.6.0\junit-jupiter-engine-5.6.0.jar;C:\Users\nadia\.m2\repository\org\junit\platform\junit-platform-engine\1.6.0\junit-platform-engine-1.6.0.jar;C:\Users\nadia\.m2\repository\org\mockito\mockito-core\3.9.0\mockito-core-3.9.0.jar;C:\Users\nadia\.m2\repository\net\bytebuddy\byte-buddy\1.10.20\byte-buddy-1.10.20.jar;C:\Users\nadia\.m2\repository\net\bytebuddy\byte-buddy-agent\1.10.20\byte-buddy-agent-1.10.20.jar;C:\Users\nadia\.m2\repository\org\objenesis\objenesis\3.2\objenesis-3.2.jar;"/>
    <property name="sun.cpu.endian" value="little"/>
    <property name="user.home" value="C:\Users\nadia"/>
    <property name="user.language" value="en"/>
    <property name="java.specification.vendor" value="Oracle Corporation"/>
    <property name="java.home" value="C:\Users\nadia\.jdks\corretto-1.8.0_322\jre"/>
    <property name="basedir" value="C:\Users\nadia\Documents\GitHub\4semesterGruppe11\Zombie\OSGiPlayer"/>
    <property name="file.separator" value="\"/>
    <property name="line.separator" value="&#10;"/>
    <property name="java.vm.specification.vendor" value="Oracle Corporation"/>
    <property name="java.specification.name" value="Java Platform API Specification"/>
    <property name="java.awt.graphicsenv" value="sun.awt.Win32GraphicsEnvironment"/>
    <property name="surefire.real.class.path" value="C:\Users\nadia\AppData\Local\Temp\surefire3498287461783440559\surefirebooter1116794722868578316.jar"/>
    <property name="sun.boot.class.path" value="C:\Users\nadia\.jdks\corretto-1.8.0_322\jre\lib\resources.jar;C:\Users\nadia\.jdks\corretto-1.8.0_322\jre\lib\rt.jar;C:\Users\nadia\.jdks\corretto-1.8.0_322\jre\lib\sunrsasign.jar;C:\Users\nadia\.jdks\corretto-1.8.0_322\jre\lib\jsse.jar;C:\Users\nadia\.jdks\corretto-1.8.0_322\jre\lib\jce.jar;C:\Users\nadia\.jdks\corretto-1.8.0_322\jre\lib\charsets.jar;C:\Users\nadia\.jdks\corretto-1.8.0_322\jre\lib\jfr.jar;C:\Users\nadia\.jdks\corretto-1.8.0_322\jre\classes"/>
    <property name="user.script" value=""/>
    <property name="sun.management.compiler" value="HotSpot 64-Bit Tiered Compilers"/>
    <property name="java.runtime.version" value="1.8.0_322-b06"/>
    <property name="user.name" value="nadia"/>
    <property name="path.separator" value=";"/>
    <property name="os.version" value="10.0"/>
    <property name="java.endorsed.dirs" value="C:\Users\nadia\.jdks\corretto-1.8.0_322\jre\lib\endorsed"/>
    <property name="java.runtime.name" value="OpenJDK Runtime Environment"/>
    <property name="file.encoding" value="Cp1252"/>
    <property name="java.vm.name" value="OpenJDK 64-Bit Server VM"/>
    <property name="localRepository" value="C:\Users\nadia\.m2\repository"/>
    <property name="java.vendor.url.bug" value="https://github.com/corretto/corretto-8/issues/"/>
    <property name="java.io.tmpdir" value="C:\Users\nadia\AppData\Local\Temp\"/>
    <property name="idea.version" value="2021.2"/>
    <property name="java.version" value="1.8.0_322"/>
    <property name="user.dir" value="C:\Users\nadia\Documents\GitHub\4semesterGruppe11\Zombie\OSGiPlayer"/>
    <property name="os.arch" value="amd64"/>
    <property name="java.vm.specification.name" value="Java Virtual Machine Specification"/>
    <property name="java.awt.printerjob" value="sun.awt.windows.WPrinterJob"/>
    <property name="sun.os.patch.level" value=""/>
    <property name="java.library.path" value="C:\Users\nadia\.jdks\corretto-1.8.0_322\jre\bin;C:\WINDOWS\Sun\Java\bin;C:\WINDOWS\system32;C:\WINDOWS;C:\ProgramData\watcom-1.3\binnt;C:\ProgramData\watcom-1.3\binw;C:\Program Files\Common Files\Oracle\Java\javapath;C:\Program Files (x86)\Common Files\Oracle\Java\javapath;C:\WINDOWS\system32;C:\WINDOWS;C:\WINDOWS\System32\Wbem;C:\WINDOWS\System32\WindowsPowerShell\v1.0\;C:\WINDOWS\System32\OpenSSH\;C:\Program Files\Git\cmd;C:\Program Files\Docker\Docker\resources\bin;C:\ProgramData\DockerDesktop\version-bin;C:\msys64\mingw64\bin;c:\users\nadia\appdata\local\packages\pythonsoftwarefoundation.python.3.9_qbz5n2kfra8p0\localcache\local-packages\python39\site-packages;C:\PHP;C:\ProgramData\ComposerSetup\bin;C:\Program Files (x86)\gsudo\;C:\Program Files\nodejs\;C:\Users\nadia\AppData\Local\Microsoft\WindowsApps;C:\Users\nadia\AppData\Local\Programs\Microsoft VS Code\bin;C:\Users\nadia\AppData\Local\GitHubDesktop\bin;C:\Users\nadia\AppData\Local\gitkraken\bin;C:\Users\nadia\AppData\Roaming\Composer\vendor\bin;C:\Users\nadia\AppData\Local\Microsoft\WindowsApps;C:\Users\nadia\AppData\Roaming\npm;C:\Users\nadia\AppData\Local\Programs\MiKTeX\miktex\bin\x64\;C:\Users\nadia\Documents\apache-maven-3.8.5\bin;;."/>
    <property name="java.vm.info" value="mixed mode"/>
    <property name="java.vendor" value="Amazon.com Inc."/>
    <property name="java.vm.version" value="25.322-b06"/>
    <property name="java.ext.dirs" value="C:\Users\nadia\.jdks\corretto-1.8.0_322\jre\lib\ext;C:\WINDOWS\Sun\Java\lib\ext"/>
    <property name="sun.io.unicode.encoding" value="UnicodeLittle"/>
    <property name="java.class.version" value="52.0"/>
  </properties>
  <testcase name="startTest" classname="dk.sdu.mmmi.cbse.osgiplayer.PlayerPluginTest" time="0.679">
    <system-out><![CDATA[start - player
added player object 
dk.sdu.mmmi.cbse.common.data.entityparts.LifePart@479cbee5
]]></system-out>
  </testcase>
  <testcase name="stopTest" classname="dk.sdu.mmmi.cbse.osgiplayer.PlayerPluginTest" time="0.003">
    <system-out><![CDATA[stop - player
removed player
]]></system-out>
  </testcase>
</testsuite>